{"C:\\Users\\rddin\\Desktop\\2_Express_DIGINIAMIC\\Exercices\\Ex8_Correction\\Partie2\\service\\authService.js": {"path":"C:\\Users\\rddin\\Desktop\\2_Express_DIGINIAMIC\\Exercices\\Ex8_Correction\\Partie2\\service\\authService.js","statementMap":{"0":{"start":{"line":1,"column":17},"end":{"line":1,"column":50}},"1":{"start":{"line":2,"column":12},"end":{"line":2,"column":35}},"2":{"start":{"line":3,"column":33},"end":{"line":3,"column":57}},"3":{"start":{"line":6,"column":22},"end":{"line":17,"column":1}},"4":{"start":{"line":7,"column":4},"end":{"line":16,"column":6}},"5":{"start":{"line":20,"column":17},"end":{"line":65,"column":1}},"6":{"start":{"line":21,"column":48},"end":{"line":21,"column":56}},"7":{"start":{"line":24,"column":25},"end":{"line":28,"column":6}},"8":{"start":{"line":30,"column":4},"end":{"line":32,"column":5}},"9":{"start":{"line":31,"column":8},"end":{"line":31,"column":69}},"10":{"start":{"line":35,"column":29},"end":{"line":39,"column":6}},"11":{"start":{"line":41,"column":4},"end":{"line":43,"column":5}},"12":{"start":{"line":42,"column":8},"end":{"line":42,"column":63}},"13":{"start":{"line":46,"column":20},"end":{"line":51,"column":6}},"14":{"start":{"line":54,"column":18},"end":{"line":54,"column":40}},"15":{"start":{"line":56,"column":4},"end":{"line":64,"column":6}},"16":{"start":{"line":68,"column":14},"end":{"line":101,"column":1}},"17":{"start":{"line":69,"column":32},"end":{"line":69,"column":43}},"18":{"start":{"line":72,"column":17},"end":{"line":76,"column":6}},"19":{"start":{"line":78,"column":4},"end":{"line":80,"column":5}},"20":{"start":{"line":79,"column":8},"end":{"line":79,"column":59}},"21":{"start":{"line":83,"column":28},"end":{"line":83,"column":64}},"22":{"start":{"line":85,"column":4},"end":{"line":87,"column":5}},"23":{"start":{"line":86,"column":8},"end":{"line":86,"column":59}},"24":{"start":{"line":90,"column":18},"end":{"line":90,"column":37}},"25":{"start":{"line":92,"column":4},"end":{"line":100,"column":6}},"26":{"start":{"line":103,"column":0},"end":{"line":106,"column":2}}},"fnMap":{"0":{"name":"(anonymous_0)","decl":{"start":{"line":6,"column":22},"end":{"line":6,"column":23}},"loc":{"start":{"line":6,"column":32},"end":{"line":17,"column":1}},"line":6},"1":{"name":"(anonymous_1)","decl":{"start":{"line":20,"column":17},"end":{"line":20,"column":18}},"loc":{"start":{"line":20,"column":37},"end":{"line":65,"column":1}},"line":20},"2":{"name":"(anonymous_2)","decl":{"start":{"line":68,"column":14},"end":{"line":68,"column":15}},"loc":{"start":{"line":68,"column":37},"end":{"line":101,"column":1}},"line":68}},"branchMap":{"0":{"loc":{"start":{"line":30,"column":4},"end":{"line":32,"column":5}},"type":"if","locations":[{"start":{"line":30,"column":4},"end":{"line":32,"column":5}},{"start":{},"end":{}}],"line":30},"1":{"loc":{"start":{"line":41,"column":4},"end":{"line":43,"column":5}},"type":"if","locations":[{"start":{"line":41,"column":4},"end":{"line":43,"column":5}},{"start":{},"end":{}}],"line":41},"2":{"loc":{"start":{"line":50,"column":14},"end":{"line":50,"column":28}},"type":"binary-expr","locations":[{"start":{"line":50,"column":14},"end":{"line":50,"column":18}},{"start":{"line":50,"column":22},"end":{"line":50,"column":28}}],"line":50},"3":{"loc":{"start":{"line":78,"column":4},"end":{"line":80,"column":5}},"type":"if","locations":[{"start":{"line":78,"column":4},"end":{"line":80,"column":5}},{"start":{},"end":{}}],"line":78},"4":{"loc":{"start":{"line":85,"column":4},"end":{"line":87,"column":5}},"type":"if","locations":[{"start":{"line":85,"column":4},"end":{"line":87,"column":5}},{"start":{},"end":{}}],"line":85}},"s":{"0":0,"1":0,"2":0,"3":0,"4":0,"5":0,"6":0,"7":0,"8":0,"9":0,"10":0,"11":0,"12":0,"13":0,"14":0,"15":0,"16":0,"17":0,"18":0,"19":0,"20":0,"21":0,"22":0,"23":0,"24":0,"25":0,"26":0},"f":{"0":0,"1":0,"2":0},"b":{"0":[0,0],"1":[0,0],"2":[0,0],"3":[0,0],"4":[0,0]}}
,"C:\\Users\\rddin\\Desktop\\2_Express_DIGINIAMIC\\Exercices\\Ex8_Correction\\Partie2\\service\\bookService.js": {"path":"C:\\Users\\rddin\\Desktop\\2_Express_DIGINIAMIC\\Exercices\\Ex8_Correction\\Partie2\\service\\bookService.js","statementMap":{"0":{"start":{"line":1,"column":17},"end":{"line":1,"column":50}},"1":{"start":{"line":2,"column":15},"end":{"line":2,"column":35}},"2":{"start":{"line":4,"column":20},"end":{"line":6,"column":1}},"3":{"start":{"line":5,"column":4},"end":{"line":5,"column":32}},"4":{"start":{"line":8,"column":20},"end":{"line":14,"column":1}},"5":{"start":{"line":9,"column":17},"end":{"line":9,"column":40}},"6":{"start":{"line":10,"column":4},"end":{"line":12,"column":5}},"7":{"start":{"line":11,"column":8},"end":{"line":11,"column":60}},"8":{"start":{"line":13,"column":4},"end":{"line":13,"column":16}},"9":{"start":{"line":16,"column":19},"end":{"line":33,"column":1}},"10":{"start":{"line":17,"column":64},"end":{"line":17,"column":72}},"11":{"start":{"line":19,"column":4},"end":{"line":21,"column":5}},"12":{"start":{"line":20,"column":8},"end":{"line":20,"column":57}},"13":{"start":{"line":23,"column":20},"end":{"line":30,"column":6}},"14":{"start":{"line":32,"column":4},"end":{"line":32,"column":19}},"15":{"start":{"line":35,"column":19},"end":{"line":51,"column":1}},"16":{"start":{"line":36,"column":17},"end":{"line":36,"column":40}},"17":{"start":{"line":37,"column":4},"end":{"line":39,"column":5}},"18":{"start":{"line":38,"column":8},"end":{"line":38,"column":60}},"19":{"start":{"line":41,"column":53},"end":{"line":41,"column":61}},"20":{"start":{"line":43,"column":4},"end":{"line":43,"column":55}},"21":{"start":{"line":43,"column":29},"end":{"line":43,"column":55}},"22":{"start":{"line":44,"column":4},"end":{"line":44,"column":58}},"23":{"start":{"line":44,"column":30},"end":{"line":44,"column":58}},"24":{"start":{"line":45,"column":4},"end":{"line":45,"column":45}},"25":{"start":{"line":45,"column":28},"end":{"line":45,"column":45}},"26":{"start":{"line":46,"column":4},"end":{"line":46,"column":52}},"27":{"start":{"line":46,"column":28},"end":{"line":46,"column":52}},"28":{"start":{"line":47,"column":4},"end":{"line":47,"column":60}},"29":{"start":{"line":47,"column":33},"end":{"line":47,"column":60}},"30":{"start":{"line":49,"column":4},"end":{"line":49,"column":22}},"31":{"start":{"line":50,"column":4},"end":{"line":50,"column":16}},"32":{"start":{"line":53,"column":19},"end":{"line":61,"column":1}},"33":{"start":{"line":54,"column":17},"end":{"line":54,"column":40}},"34":{"start":{"line":55,"column":4},"end":{"line":57,"column":5}},"35":{"start":{"line":56,"column":8},"end":{"line":56,"column":60}},"36":{"start":{"line":59,"column":4},"end":{"line":59,"column":25}},"37":{"start":{"line":60,"column":4},"end":{"line":60,"column":16}},"38":{"start":{"line":65,"column":26},"end":{"line":71,"column":1}},"39":{"start":{"line":66,"column":4},"end":{"line":70,"column":7}},"40":{"start":{"line":73,"column":24},"end":{"line":84,"column":1}},"41":{"start":{"line":74,"column":4},"end":{"line":76,"column":5}},"42":{"start":{"line":75,"column":8},"end":{"line":75,"column":36}},"43":{"start":{"line":77,"column":4},"end":{"line":83,"column":7}},"44":{"start":{"line":86,"column":0},"end":{"line":94,"column":2}}},"fnMap":{"0":{"name":"(anonymous_0)","decl":{"start":{"line":4,"column":20},"end":{"line":4,"column":21}},"loc":{"start":{"line":4,"column":32},"end":{"line":6,"column":1}},"line":4},"1":{"name":"(anonymous_1)","decl":{"start":{"line":8,"column":20},"end":{"line":8,"column":21}},"loc":{"start":{"line":8,"column":34},"end":{"line":14,"column":1}},"line":8},"2":{"name":"(anonymous_2)","decl":{"start":{"line":16,"column":19},"end":{"line":16,"column":20}},"loc":{"start":{"line":16,"column":39},"end":{"line":33,"column":1}},"line":16},"3":{"name":"(anonymous_3)","decl":{"start":{"line":35,"column":19},"end":{"line":35,"column":20}},"loc":{"start":{"line":35,"column":43},"end":{"line":51,"column":1}},"line":35},"4":{"name":"(anonymous_4)","decl":{"start":{"line":53,"column":19},"end":{"line":53,"column":20}},"loc":{"start":{"line":53,"column":33},"end":{"line":61,"column":1}},"line":53},"5":{"name":"(anonymous_5)","decl":{"start":{"line":65,"column":26},"end":{"line":65,"column":27}},"loc":{"start":{"line":65,"column":38},"end":{"line":71,"column":1}},"line":65},"6":{"name":"(anonymous_6)","decl":{"start":{"line":73,"column":24},"end":{"line":73,"column":25}},"loc":{"start":{"line":73,"column":41},"end":{"line":84,"column":1}},"line":73}},"branchMap":{"0":{"loc":{"start":{"line":10,"column":4},"end":{"line":12,"column":5}},"type":"if","locations":[{"start":{"line":10,"column":4},"end":{"line":12,"column":5}},{"start":{},"end":{}}],"line":10},"1":{"loc":{"start":{"line":19,"column":4},"end":{"line":21,"column":5}},"type":"if","locations":[{"start":{"line":19,"column":4},"end":{"line":21,"column":5}},{"start":{},"end":{}}],"line":19},"2":{"loc":{"start":{"line":28,"column":19},"end":{"line":28,"column":61}},"type":"cond-expr","locations":[{"start":{"line":28,"column":45},"end":{"line":28,"column":54}},{"start":{"line":28,"column":57},"end":{"line":28,"column":61}}],"line":28},"3":{"loc":{"start":{"line":37,"column":4},"end":{"line":39,"column":5}},"type":"if","locations":[{"start":{"line":37,"column":4},"end":{"line":39,"column":5}},{"start":{},"end":{}}],"line":37},"4":{"loc":{"start":{"line":43,"column":4},"end":{"line":43,"column":55}},"type":"if","locations":[{"start":{"line":43,"column":4},"end":{"line":43,"column":55}},{"start":{},"end":{}}],"line":43},"5":{"loc":{"start":{"line":44,"column":4},"end":{"line":44,"column":58}},"type":"if","locations":[{"start":{"line":44,"column":4},"end":{"line":44,"column":58}},{"start":{},"end":{}}],"line":44},"6":{"loc":{"start":{"line":45,"column":4},"end":{"line":45,"column":45}},"type":"if","locations":[{"start":{"line":45,"column":4},"end":{"line":45,"column":45}},{"start":{},"end":{}}],"line":45},"7":{"loc":{"start":{"line":46,"column":4},"end":{"line":46,"column":52}},"type":"if","locations":[{"start":{"line":46,"column":4},"end":{"line":46,"column":52}},{"start":{},"end":{}}],"line":46},"8":{"loc":{"start":{"line":47,"column":4},"end":{"line":47,"column":60}},"type":"if","locations":[{"start":{"line":47,"column":4},"end":{"line":47,"column":60}},{"start":{},"end":{}}],"line":47},"9":{"loc":{"start":{"line":55,"column":4},"end":{"line":57,"column":5}},"type":"if","locations":[{"start":{"line":55,"column":4},"end":{"line":57,"column":5}},{"start":{},"end":{}}],"line":55},"10":{"loc":{"start":{"line":74,"column":4},"end":{"line":76,"column":5}},"type":"if","locations":[{"start":{"line":74,"column":4},"end":{"line":76,"column":5}},{"start":{},"end":{}}],"line":74}},"s":{"0":1,"1":1,"2":1,"3":2,"4":1,"5":2,"6":2,"7":1,"8":1,"9":1,"10":4,"11":4,"12":1,"13":3,"14":3,"15":1,"16":3,"17":3,"18":1,"19":2,"20":2,"21":2,"22":2,"23":1,"24":2,"25":1,"26":2,"27":1,"28":2,"29":1,"30":2,"31":2,"32":1,"33":2,"34":2,"35":1,"36":1,"37":1,"38":1,"39":1,"40":1,"41":3,"42":2,"43":1,"44":1},"f":{"0":2,"1":2,"2":4,"3":3,"4":2,"5":1,"6":3},"b":{"0":[1,1],"1":[1,3],"2":[2,1],"3":[1,2],"4":[2,0],"5":[1,1],"6":[1,1],"7":[1,1],"8":[1,1],"9":[1,1],"10":[2,1]},"_coverageSchema":"1a1c01bbd47fc00a2c39e90264f33305004495a9","hash":"7c0306ba7d06001fe13b0da28f64d771d10b746d"}
,"C:\\Users\\rddin\\Desktop\\2_Express_DIGINIAMIC\\Exercices\\Ex8_Correction\\Partie2\\service\\libraryService.js": {"path":"C:\\Users\\rddin\\Desktop\\2_Express_DIGINIAMIC\\Exercices\\Ex8_Correction\\Partie2\\service\\libraryService.js","statementMap":{"0":{"start":{"line":1,"column":26},"end":{"line":1,"column":59}},"1":{"start":{"line":3,"column":24},"end":{"line":5,"column":1}},"2":{"start":{"line":4,"column":4},"end":{"line":4,"column":35}},"3":{"start":{"line":7,"column":28},"end":{"line":20,"column":1}},"4":{"start":{"line":8,"column":20},"end":{"line":13,"column":6}},"5":{"start":{"line":15,"column":4},"end":{"line":17,"column":5}},"6":{"start":{"line":16,"column":8},"end":{"line":16,"column":68}},"7":{"start":{"line":19,"column":4},"end":{"line":19,"column":19}},"8":{"start":{"line":22,"column":22},"end":{"line":35,"column":1}},"9":{"start":{"line":23,"column":30},"end":{"line":23,"column":41}},"10":{"start":{"line":25,"column":4},"end":{"line":27,"column":5}},"11":{"start":{"line":26,"column":8},"end":{"line":26,"column":60}},"12":{"start":{"line":29,"column":23},"end":{"line":32,"column":6}},"13":{"start":{"line":34,"column":4},"end":{"line":34,"column":22}},"14":{"start":{"line":37,"column":0},"end":{"line":41,"column":2}}},"fnMap":{"0":{"name":"(anonymous_0)","decl":{"start":{"line":3,"column":24},"end":{"line":3,"column":25}},"loc":{"start":{"line":3,"column":36},"end":{"line":5,"column":1}},"line":3},"1":{"name":"(anonymous_1)","decl":{"start":{"line":7,"column":28},"end":{"line":7,"column":29}},"loc":{"start":{"line":7,"column":42},"end":{"line":20,"column":1}},"line":7},"2":{"name":"(anonymous_2)","decl":{"start":{"line":22,"column":22},"end":{"line":22,"column":23}},"loc":{"start":{"line":22,"column":45},"end":{"line":35,"column":1}},"line":22}},"branchMap":{"0":{"loc":{"start":{"line":15,"column":4},"end":{"line":17,"column":5}},"type":"if","locations":[{"start":{"line":15,"column":4},"end":{"line":17,"column":5}},{"start":{},"end":{}}],"line":15},"1":{"loc":{"start":{"line":25,"column":4},"end":{"line":27,"column":5}},"type":"if","locations":[{"start":{"line":25,"column":4},"end":{"line":27,"column":5}},{"start":{},"end":{}}],"line":25},"2":{"loc":{"start":{"line":25,"column":8},"end":{"line":25,"column":25}},"type":"binary-expr","locations":[{"start":{"line":25,"column":8},"end":{"line":25,"column":13}},{"start":{"line":25,"column":17},"end":{"line":25,"column":25}}],"line":25}},"s":{"0":1,"1":1,"2":2,"3":1,"4":3,"5":3,"6":1,"7":2,"8":1,"9":8,"10":8,"11":5,"12":3,"13":3,"14":1},"f":{"0":2,"1":3,"2":8},"b":{"0":[1,2],"1":[5,3],"2":[8,5]},"_coverageSchema":"1a1c01bbd47fc00a2c39e90264f33305004495a9","hash":"e3c18a15b54ac54530161b10dd1b6057779a3fea"}
}
