TN:
SF:service\authService.js
FN:6,(anonymous_0)
FN:20,(anonymous_1)
FN:68,(anonymous_2)
FNF:3
FNH:0
FNDA:0,(anonymous_0)
FNDA:0,(anonymous_1)
FNDA:0,(anonymous_2)
DA:1,0
DA:2,0
DA:3,0
DA:6,0
DA:7,0
DA:20,0
DA:21,0
DA:24,0
DA:30,0
DA:31,0
DA:35,0
DA:41,0
DA:42,0
DA:46,0
DA:54,0
DA:56,0
DA:68,0
DA:69,0
DA:72,0
DA:78,0
DA:79,0
DA:83,0
DA:85,0
DA:86,0
DA:90,0
DA:92,0
DA:103,0
LF:27
LH:0
BRDA:30,0,0,0
BRDA:30,0,1,0
BRDA:41,1,0,0
BRDA:41,1,1,0
BRDA:50,2,0,0
BRDA:50,2,1,0
BRDA:78,3,0,0
BRDA:78,3,1,0
BRDA:85,4,0,0
BRDA:85,4,1,0
BRF:10
BRH:0
end_of_record
TN:
SF:service\bookService.js
FN:4,(anonymous_0)
FN:8,(anonymous_1)
FN:16,(anonymous_2)
FN:35,(anonymous_3)
FN:53,(anonymous_4)
FN:65,(anonymous_5)
FN:73,(anonymous_6)
FNF:7
FNH:7
FNDA:2,(anonymous_0)
FNDA:2,(anonymous_1)
FNDA:4,(anonymous_2)
FNDA:3,(anonymous_3)
FNDA:2,(anonymous_4)
FNDA:1,(anonymous_5)
FNDA:3,(anonymous_6)
DA:1,1
DA:2,1
DA:4,1
DA:5,2
DA:8,1
DA:9,2
DA:10,2
DA:11,1
DA:13,1
DA:16,1
DA:17,4
DA:19,4
DA:20,1
DA:23,3
DA:32,3
DA:35,1
DA:36,3
DA:37,3
DA:38,1
DA:41,2
DA:43,2
DA:44,2
DA:45,2
DA:46,2
DA:47,2
DA:49,2
DA:50,2
DA:53,1
DA:54,2
DA:55,2
DA:56,1
DA:59,1
DA:60,1
DA:65,1
DA:66,1
DA:73,1
DA:74,3
DA:75,2
DA:77,1
DA:86,1
LF:40
LH:40
BRDA:10,0,0,1
BRDA:10,0,1,1
BRDA:19,1,0,1
BRDA:19,1,1,3
BRDA:28,2,0,2
BRDA:28,2,1,1
BRDA:37,3,0,1
BRDA:37,3,1,2
BRDA:43,4,0,2
BRDA:43,4,1,0
BRDA:44,5,0,1
BRDA:44,5,1,1
BRDA:45,6,0,1
BRDA:45,6,1,1
BRDA:46,7,0,1
BRDA:46,7,1,1
BRDA:47,8,0,1
BRDA:47,8,1,1
BRDA:55,9,0,1
BRDA:55,9,1,1
BRDA:74,10,0,2
BRDA:74,10,1,1
BRF:22
BRH:21
end_of_record
TN:
SF:service\libraryService.js
FN:3,(anonymous_0)
FN:7,(anonymous_1)
FN:22,(anonymous_2)
FNF:3
FNH:3
FNDA:2,(anonymous_0)
FNDA:3,(anonymous_1)
FNDA:8,(anonymous_2)
DA:1,1
DA:3,1
DA:4,2
DA:7,1
DA:8,3
DA:15,3
DA:16,1
DA:19,2
DA:22,1
DA:23,8
DA:25,8
DA:26,5
DA:29,3
DA:34,3
DA:37,1
LF:15
LH:15
BRDA:15,0,0,1
BRDA:15,0,1,2
BRDA:25,1,0,5
BRDA:25,1,1,3
BRDA:25,2,0,8
BRDA:25,2,1,5
BRF:6
BRH:6
end_of_record
