<?xml version="1.0" encoding="UTF-8"?>
<coverage generated="1767620761334" clover="3.2.0">
  <project timestamp="1767620761335" name="All files">
    <metrics statements="45" coveredstatements="15" conditionals="26" coveredconditionals="7" methods="5" coveredmethods="3" elements="76" coveredelements="25" complexity="0" loc="45" ncloc="45" packages="1" files="2" classes="2"/>
    <file name="authService.js" path="C:\Users\rddin\Desktop\2_Express_DIGINIAMIC\bacasable\ex-tests\service\authService.js">
      <metrics statements="30" coveredstatements="0" conditionals="19" coveredconditionals="0" methods="2" coveredmethods="0"/>
      <line num="1" count="0" type="stmt"/>
      <line num="2" count="0" type="stmt"/>
      <line num="4" count="0" type="stmt"/>
      <line num="5" count="0" type="stmt"/>
      <line num="8" count="0" type="cond" truecount="0" falsecount="5"/>
      <line num="9" count="0" type="stmt"/>
      <line num="13" count="0" type="cond" truecount="0" falsecount="2"/>
      <line num="14" count="0" type="stmt"/>
      <line num="18" count="0" type="stmt"/>
      <line num="24" count="0" type="cond" truecount="0" falsecount="2"/>
      <line num="25" count="0" type="stmt"/>
      <line num="29" count="0" type="stmt"/>
      <line num="35" count="0" type="cond" truecount="0" falsecount="2"/>
      <line num="36" count="0" type="stmt"/>
      <line num="40" count="0" type="stmt"/>
      <line num="47" count="0" type="stmt"/>
      <line num="57" count="0" type="stmt"/>
      <line num="67" count="0" type="stmt"/>
      <line num="68" count="0" type="stmt"/>
      <line num="71" count="0" type="cond" truecount="0" falsecount="4"/>
      <line num="72" count="0" type="stmt"/>
      <line num="76" count="0" type="stmt"/>
      <line num="82" count="0" type="cond" truecount="0" falsecount="2"/>
      <line num="83" count="0" type="stmt"/>
      <line num="87" count="0" type="stmt"/>
      <line num="89" count="0" type="cond" truecount="0" falsecount="2"/>
      <line num="90" count="0" type="stmt"/>
      <line num="94" count="0" type="stmt"/>
      <line num="104" count="0" type="stmt"/>
      <line num="114" count="0" type="stmt"/>
    </file>
    <file name="computerService.js" path="C:\Users\rddin\Desktop\2_Express_DIGINIAMIC\bacasable\ex-tests\service\computerService.js">
      <metrics statements="15" coveredstatements="15" conditionals="7" coveredconditionals="7" methods="3" coveredmethods="3"/>
      <line num="1" count="1" type="stmt"/>
      <line num="3" count="1" type="stmt"/>
      <line num="4" count="1" type="stmt"/>
      <line num="7" count="1" type="stmt"/>
      <line num="8" count="2" type="stmt"/>
      <line num="10" count="2" type="cond" truecount="2" falsecount="0"/>
      <line num="11" count="1" type="stmt"/>
      <line num="14" count="1" type="stmt"/>
      <line num="17" count="1" type="stmt"/>
      <line num="18" count="2" type="stmt"/>
      <line num="20" count="2" type="cond" truecount="5" falsecount="0"/>
      <line num="21" count="1" type="stmt"/>
      <line num="24" count="1" type="stmt"/>
      <line num="30" count="1" type="stmt"/>
      <line num="33" count="1" type="stmt"/>
    </file>
  </project>
</coverage>
