TN:
SF:service\authService.js
FN:4,(anonymous_0)
FN:67,(anonymous_1)
FNF:2
FNH:0
FNDA:0,(anonymous_0)
FNDA:0,(anonymous_1)
DA:1,0
DA:2,0
DA:4,0
DA:5,0
DA:8,0
DA:9,0
DA:13,0
DA:14,0
DA:18,0
DA:24,0
DA:25,0
DA:29,0
DA:35,0
DA:36,0
DA:40,0
DA:47,0
DA:57,0
DA:67,0
DA:68,0
DA:71,0
DA:72,0
DA:76,0
DA:82,0
DA:83,0
DA:87,0
DA:89,0
DA:90,0
DA:94,0
DA:104,0
DA:114,0
LF:30
LH:0
BRDA:8,0,0,0
BRDA:8,0,1,0
BRDA:8,1,0,0
BRDA:8,1,1,0
BRDA:8,1,2,0
BRDA:13,2,0,0
BRDA:13,2,1,0
BRDA:24,3,0,0
BRDA:24,3,1,0
BRDA:35,4,0,0
BRDA:35,4,1,0
BRDA:71,5,0,0
BRDA:71,5,1,0
BRDA:71,6,0,0
BRDA:71,6,1,0
BRDA:82,7,0,0
BRDA:82,7,1,0
BRDA:89,8,0,0
BRDA:89,8,1,0
BRF:19
BRH:0
end_of_record
TN:
SF:service\computerService.js
FN:3,(anonymous_0)
FN:7,(anonymous_1)
FN:17,(anonymous_2)
FNF:3
FNH:3
FNDA:1,(anonymous_0)
FNDA:2,(anonymous_1)
FNDA:2,(anonymous_2)
DA:1,1
DA:3,1
DA:4,1
DA:7,1
DA:8,2
DA:10,2
DA:11,1
DA:14,1
DA:17,1
DA:18,2
DA:20,2
DA:21,1
DA:24,1
DA:30,1
DA:33,1
LF:15
LH:15
BRDA:10,0,0,1
BRDA:10,0,1,1
BRDA:20,1,0,1
BRDA:20,1,1,1
BRDA:20,2,0,2
BRDA:20,2,1,2
BRDA:20,2,2,1
BRF:7
BRH:7
end_of_record
